Flow report for serial_loader
Fri Apr 21 21:43:06 2017
Quartus II 64-Bit Version 15.0.0 Build 145 04/22/2015 Patches 0.01we SJ Web Edition


---------------------
; Table of Contents ;
---------------------
  1. Legal Notice
  2. Flow Summary
  3. Flow Settings
  4. Flow Non-Default Global Settings
  5. Flow Elapsed Time
  6. Flow OS Summary
  7. Flow Log
  8. Flow Messages
  9. Flow Suppressed Messages



----------------
; Legal Notice ;
----------------
Copyright (C) 1991-2015 Altera Corporation. All rights reserved.
Your use of Altera Corporation's design tools, logic functions 
and other software and tools, and its AMPP partner logic 
functions, and any output files from any of the foregoing 
(including device programming or simulation files), and any 
associated documentation or information are expressly subject 
to the terms and conditions of the Altera Program License 
Subscription Agreement, the Altera Quartus II License Agreement,
the Altera MegaCore Function License Agreement, or other 
applicable license agreement, including, without limitation, 
that your use is for the sole purpose of programming logic 
devices manufactured by Altera and sold by Altera or its 
authorized distributors.  Please refer to the applicable 
agreement for further details.



+------------------------------------------------------------------------------------------------+
; Flow Summary                                                                                   ;
+------------------------------------+-----------------------------------------------------------+
; Flow Status                        ; Successful - Fri Apr 21 21:43:06 2017                     ;
; Quartus II 64-Bit Version          ; 15.0.0 Build 145 04/22/2015 Patches 0.01we SJ Web Edition ;
; Revision Name                      ; serial_loader                                             ;
; Top-level Entity Name              ; serial_loader                                             ;
; Family                             ; Cyclone IV E                                              ;
; Device                             ; EP4CE6E22C6                                               ;
; Timing Models                      ; Final                                                     ;
; Total logic elements               ; 622 / 6,272 ( 10 % )                                      ;
;     Total combinational functions  ; 424 / 6,272 ( 7 % )                                       ;
;     Dedicated logic registers      ; 390 / 6,272 ( 6 % )                                       ;
; Total registers                    ; 390                                                       ;
; Total pins                         ; 4 / 92 ( 4 % )                                            ;
; Total virtual pins                 ; 0                                                         ;
; Total memory bits                  ; 12,372 / 276,480 ( 4 % )                                  ;
; Embedded Multiplier 9-bit elements ; 0 / 30 ( 0 % )                                            ;
; Total PLLs                         ; 0 / 2 ( 0 % )                                             ;
+------------------------------------+-----------------------------------------------------------+


+-----------------------------------------+
; Flow Settings                           ;
+-------------------+---------------------+
; Option            ; Setting             ;
+-------------------+---------------------+
; Start date & time ; 04/21/2017 21:42:13 ;
; Main task         ; Compilation         ;
; Revision Name     ; serial_loader       ;
+-------------------+---------------------+


+------------------------------------------------------------------------------------------------------------------------------------------------+
; Flow Non-Default Global Settings                                                                                                               ;
+-------------------------------------+-----------------------------------------------------------+---------------+-------------+----------------+
; Assignment Name                     ; Value                                                     ; Default Value ; Entity Name ; Section Id     ;
+-------------------------------------+-----------------------------------------------------------+---------------+-------------+----------------+
; COMPILER_SIGNATURE_ID               ; 22866944378455.149280733232992                            ; --            ; --          ; --             ;
; EDA_OUTPUT_DATA_FORMAT              ; Vhdl                                                      ; --            ; --          ; eda_simulation ;
; EDA_SIMULATION_TOOL                 ; ModelSim-Altera (VHDL)                                    ; <None>        ; --          ; --             ;
; MAX_CORE_JUNCTION_TEMP              ; 85                                                        ; --            ; --          ; --             ;
; MIN_CORE_JUNCTION_TEMP              ; 0                                                         ; --            ; --          ; --             ;
; MISC_FILE                           ; loader0/synthesis/../loader0.cmp                          ; --            ; --          ; --             ;
; MISC_FILE                           ; loader0/synthesis/../../loader0.qsys                      ; --            ; --          ; --             ;
; NOMINAL_CORE_SUPPLY_VOLTAGE         ; 1.2V                                                      ; --            ; --          ; --             ;
; PARTITION_COLOR                     ; 16764057                                                  ; --            ; --          ; Top            ;
; PARTITION_FITTER_PRESERVATION_LEVEL ; PLACEMENT_AND_ROUTING                                     ; --            ; --          ; Top            ;
; PARTITION_NETLIST_TYPE              ; SOURCE                                                    ; --            ; --          ; Top            ;
; POWER_BOARD_THERMAL_MODEL           ; None (CONSERVATIVE)                                       ; --            ; --          ; --             ;
; POWER_PRESET_COOLING_SOLUTION       ; 23 MM HEAT SINK WITH 200 LFPM AIRFLOW                     ; --            ; --          ; --             ;
; PROJECT_OUTPUT_DIRECTORY            ; output_files                                              ; --            ; --          ; --             ;
; SLD_FILE                            ; loader0/synthesis/loader0.debuginfo                       ; --            ; --          ; --             ;
; SLD_INFO                            ; QSYS_NAME loader0 HAS_SOPCINFO 1 GENERATION_ID 1492806994 ; --            ; loader0     ; --             ;
; SOPCINFO_FILE                       ; loader0/synthesis/../../loader0.sopcinfo                  ; --            ; --          ; --             ;
; SYNTHESIS_ONLY_QIP                  ; On                                                        ; --            ; --          ; --             ;
+-------------------------------------+-----------------------------------------------------------+---------------+-------------+----------------+


+-------------------------------------------------------------------------------------------------------------------------------+
; Flow Elapsed Time                                                                                                             ;
+---------------------------+--------------+-------------------------+---------------------+------------------------------------+
; Module Name               ; Elapsed Time ; Average Processors Used ; Peak Virtual Memory ; Total CPU Time (on all processors) ;
+---------------------------+--------------+-------------------------+---------------------+------------------------------------+
; Analysis & Synthesis      ; 00:00:34     ; 1.0                     ; 811 MB              ; 00:00:57                           ;
; Fitter                    ; 00:00:06     ; 1.0                     ; 1393 MB             ; 00:00:07                           ;
; Assembler                 ; 00:00:01     ; 1.0                     ; 613 MB              ; 00:00:01                           ;
; TimeQuest Timing Analyzer ; 00:00:03     ; 1.0                     ; 725 MB              ; 00:00:03                           ;
; EDA Netlist Writer        ; 00:00:02     ; 1.0                     ; 587 MB              ; 00:00:02                           ;
; Total                     ; 00:00:46     ; --                      ; --                  ; 00:01:10                           ;
+---------------------------+--------------+-------------------------+---------------------+------------------------------------+


+----------------------------------------------------------------------------------------+
; Flow OS Summary                                                                        ;
+---------------------------+------------------+-----------+------------+----------------+
; Module Name               ; Machine Hostname ; OS Name   ; OS Version ; Processor type ;
+---------------------------+------------------+-----------+------------+----------------+
; Analysis & Synthesis      ; George_PC        ; Windows 7 ; 6.2        ; x86_64         ;
; Fitter                    ; George_PC        ; Windows 7 ; 6.2        ; x86_64         ;
; Assembler                 ; George_PC        ; Windows 7 ; 6.2        ; x86_64         ;
; TimeQuest Timing Analyzer ; George_PC        ; Windows 7 ; 6.2        ; x86_64         ;
; EDA Netlist Writer        ; George_PC        ; Windows 7 ; 6.2        ; x86_64         ;
+---------------------------+------------------+-----------+------------+----------------+


------------
; Flow Log ;
------------
quartus_map --read_settings_files=on --write_settings_files=off serial_loader -c serial_loader
quartus_fit --read_settings_files=off --write_settings_files=off serial_loader -c serial_loader
quartus_asm --read_settings_files=off --write_settings_files=off serial_loader -c serial_loader
quartus_sta serial_loader -c serial_loader
quartus_eda --read_settings_files=off --write_settings_files=off serial_loader -c serial_loader



